{
  "numFailedTestSuites": 2,
  "numFailedTests": 1,
  "numPassedTestSuites": 9,
  "numPassedTests": 14,
  "numPendingTestSuites": 0,
  "numPendingTests": 0,
  "numRuntimeErrorTestSuites": 1,
  "numTodoTests": 0,
  "numTotalTestSuites": 11,
  "numTotalTests": 15,
  "openHandles": [],
  "snapshot": {
    "added": 0,
    "didUpdate": false,
    "failure": false,
    "filesAdded": 0,
    "filesRemoved": 0,
    "filesUnmatched": 0,
    "filesUpdated": 0,
    "matched": 1,
    "total": 1,
    "unchecked": 0,
    "uncheckedKeysByFile": [],
    "unmatched": 0,
    "updated": 0
  },
  "startTime": 1568946175090,
  "success": false,
  "testResults": [
    {
      "failureMessage": "\u001b[1m\u001b[31m  \u001b[1m● \u001b[1mArray › c deep equal d\u001b[39m\u001b[22m\n\n    \u001b[2mexpect(\u001b[22m\u001b[31mreceived\u001b[39m\u001b[2m).\u001b[22mtoEqual\u001b[2m(\u001b[22m\u001b[32mexpected\u001b[39m\u001b[2m) // deep equality\u001b[22m\n\n    \u001b[32m- Expected\u001b[39m\n    \u001b[31m+ Received\u001b[39m\n\n    \u001b[33m@@ -4,8 +4,8 @@\u001b[39m\n    \u001b[2m      2,\u001b[22m\n    \u001b[2m      3,\u001b[22m\n    \u001b[2m      4,\u001b[22m\n    \u001b[2m    ],\u001b[22m\n    \u001b[2m    \"o\": Object {\u001b[22m\n    \u001b[32m-     \"name\": \"hello2\",\u001b[39m\n    \u001b[31m+     \"name\": \"hello\",\u001b[39m\n    \u001b[2m    },\u001b[22m\n    \u001b[2m  }\u001b[22m\n\u001b[2m\u001b[22m\n\u001b[2m    \u001b[0m \u001b[90m 19 | \u001b[39m  })\u001b[33m;\u001b[39m\u001b[0m\u001b[22m\n\u001b[2m    \u001b[0m \u001b[90m 20 | \u001b[39m  test(\u001b[32m\"c deep equal d\"\u001b[39m\u001b[33m,\u001b[39m () \u001b[33m=>\u001b[39m {\u001b[0m\u001b[22m\n\u001b[2m    \u001b[0m\u001b[31m\u001b[1m>\u001b[2m\u001b[39m\u001b[90m 21 | \u001b[39m    expect(c)\u001b[33m.\u001b[39mtoEqual(d)\u001b[33m;\u001b[39m\u001b[0m\u001b[22m\n\u001b[2m    \u001b[0m \u001b[90m    | \u001b[39m              \u001b[31m\u001b[1m^\u001b[2m\u001b[39m\u001b[0m\u001b[22m\n\u001b[2m    \u001b[0m \u001b[90m 22 | \u001b[39m  })\u001b[33m;\u001b[39m\u001b[0m\u001b[22m\n\u001b[2m    \u001b[0m \u001b[90m 23 | \u001b[39m})\u001b[33m;\u001b[39m\u001b[0m\u001b[22m\n\u001b[2m    \u001b[0m \u001b[90m 24 | \u001b[39m\u001b[0m\u001b[22m\n\u001b[2m\u001b[22m\n\u001b[2m      \u001b[2mat Object.toEqual (\u001b[2m\u001b[0m\u001b[36msrc/_test_/array.test.js\u001b[39m\u001b[0m\u001b[2m:21:15)\u001b[2m\u001b[22m\n",
      "numFailingTests": 1,
      "numPassingTests": 1,
      "numPendingTests": 0,
      "numTodoTests": 0,
      "perfStats": {
        "end": 1568946179366,
        "start": 1568946178876
      },
      "snapshot": {
        "added": 0,
        "fileDeleted": false,
        "matched": 0,
        "unchecked": 0,
        "unmatched": 0,
        "updated": 0,
        "uncheckedKeys": []
      },
      "testFilePath": "/Users/yangkunhai/www/unit-testing/src/_test_/array.test.js",
      "testResults": [
        {
          "ancestorTitles": [
            "Array"
          ],
          "duration": 7,
          "failureMessages": [],
          "fullName": "Array a equal b",
          "location": null,
          "numPassingAsserts": 0,
          "status": "passed",
          "title": "a equal b"
        },
        {
          "ancestorTitles": [
            "Array"
          ],
          "duration": 13,
          "failureMessages": [
            "Error: \u001b[2mexpect(\u001b[22m\u001b[31mreceived\u001b[39m\u001b[2m).\u001b[22mtoEqual\u001b[2m(\u001b[22m\u001b[32mexpected\u001b[39m\u001b[2m) // deep equality\u001b[22m\n\n\u001b[32m- Expected\u001b[39m\n\u001b[31m+ Received\u001b[39m\n\n\u001b[33m@@ -4,8 +4,8 @@\u001b[39m\n\u001b[2m      2,\u001b[22m\n\u001b[2m      3,\u001b[22m\n\u001b[2m      4,\u001b[22m\n\u001b[2m    ],\u001b[22m\n\u001b[2m    \"o\": Object {\u001b[22m\n\u001b[32m-     \"name\": \"hello2\",\u001b[39m\n\u001b[31m+     \"name\": \"hello\",\u001b[39m\n\u001b[2m    },\u001b[22m\n\u001b[2m  }\u001b[22m\n    at Object.toEqual (/Users/yangkunhai/www/unit-testing/src/_test_/array.test.js:21:15)\n    at Object.asyncJestTest (/Users/yangkunhai/www/unit-testing/node_modules/jest-jasmine2/build/jasmineAsyncInstall.js:102:37)\n    at resolve (/Users/yangkunhai/www/unit-testing/node_modules/jest-jasmine2/build/queueRunner.js:43:12)\n    at new Promise (<anonymous>)\n    at mapper (/Users/yangkunhai/www/unit-testing/node_modules/jest-jasmine2/build/queueRunner.js:26:19)\n    at promise.then (/Users/yangkunhai/www/unit-testing/node_modules/jest-jasmine2/build/queueRunner.js:73:41)\n    at process._tickCallback (internal/process/next_tick.js:68:7)"
          ],
          "fullName": "Array c deep equal d",
          "location": null,
          "numPassingAsserts": 0,
          "status": "failed",
          "title": "c deep equal d"
        }
      ],
      "skipped": false,
      "leaks": false
    },
    {
      "failureMessage": null,
      "numFailingTests": 0,
      "numPassingTests": 1,
      "numPendingTests": 0,
      "numTodoTests": 0,
      "perfStats": {
        "end": 1568946179504,
        "start": 1568946178973
      },
      "snapshot": {
        "added": 0,
        "fileDeleted": false,
        "matched": 1,
        "unchecked": 0,
        "unmatched": 0,
        "updated": 0,
        "uncheckedKeys": []
      },
      "testFilePath": "/Users/yangkunhai/www/unit-testing/src/_test_/compose-component.test.js",
      "testResults": [
        {
          "ancestorTitles": [
            "testing hello component"
          ],
          "duration": 21,
          "failureMessages": [],
          "fullName": "testing hello component render hello component",
          "location": null,
          "numPassingAsserts": 0,
          "status": "passed",
          "title": "render hello component"
        }
      ],
      "skipped": false,
      "leaks": false
    },
    {
      "failureMessage": null,
      "numFailingTests": 0,
      "numPassingTests": 1,
      "numPendingTests": 0,
      "numTodoTests": 0,
      "perfStats": {
        "end": 1568946180970,
        "start": 1568946179832
      },
      "snapshot": {
        "added": 0,
        "fileDeleted": false,
        "matched": 0,
        "unchecked": 0,
        "unmatched": 0,
        "updated": 0,
        "uncheckedKeys": []
      },
      "testFilePath": "/Users/yangkunhai/www/unit-testing/src/_test_/promise.test.js",
      "testResults": [
        {
          "ancestorTitles": [
            "testing promise"
          ],
          "duration": 1004,
          "failureMessages": [],
          "fullName": "testing promise should get \"hi world\"",
          "location": null,
          "numPassingAsserts": 0,
          "status": "passed",
          "title": "should get \"hi world\""
        }
      ],
      "skipped": false,
      "leaks": false
    },
    {
      "failureMessage": null,
      "numFailingTests": 0,
      "numPassingTests": 1,
      "numPendingTests": 0,
      "numTodoTests": 0,
      "perfStats": {
        "end": 1568946181115,
        "start": 1568946179973
      },
      "snapshot": {
        "added": 0,
        "fileDeleted": false,
        "matched": 0,
        "unchecked": 0,
        "unmatched": 0,
        "updated": 0,
        "uncheckedKeys": []
      },
      "testFilePath": "/Users/yangkunhai/www/unit-testing/src/_test_/cb-hi.test.js",
      "testResults": [
        {
          "ancestorTitles": [
            "testing async function"
          ],
          "duration": 1007,
          "failureMessages": [],
          "fullName": "testing async function should get \"Hi world\"",
          "location": null,
          "numPassingAsserts": 0,
          "status": "passed",
          "title": "should get \"Hi world\""
        }
      ],
      "skipped": false,
      "leaks": false
    },
    {
      "failureMessage": null,
      "numFailingTests": 0,
      "numPassingTests": 3,
      "numPendingTests": 0,
      "numTodoTests": 0,
      "perfStats": {
        "end": 1568946181716,
        "start": 1568946181414
      },
      "snapshot": {
        "added": 0,
        "fileDeleted": false,
        "matched": 0,
        "unchecked": 0,
        "unmatched": 0,
        "updated": 0,
        "uncheckedKeys": []
      },
      "testFilePath": "/Users/yangkunhai/www/unit-testing/src/_test_/if-else.test.js",
      "testResults": [
        {
          "ancestorTitles": [
            "test ifElse function"
          ],
          "duration": 2,
          "failureMessages": [],
          "fullName": "test ifElse function left function",
          "location": null,
          "numPassingAsserts": 0,
          "status": "passed",
          "title": "left function"
        },
        {
          "ancestorTitles": [
            "test ifElse function"
          ],
          "duration": 3,
          "failureMessages": [],
          "fullName": "test ifElse function mock left function",
          "location": null,
          "numPassingAsserts": 0,
          "status": "passed",
          "title": "mock left function"
        },
        {
          "ancestorTitles": [
            "test ifElse function"
          ],
          "duration": 1,
          "failureMessages": [],
          "fullName": "test ifElse function right function",
          "location": null,
          "numPassingAsserts": 0,
          "status": "passed",
          "title": "right function"
        }
      ],
      "skipped": false,
      "leaks": false
    },
    {
      "failureMessage": null,
      "numFailingTests": 0,
      "numPassingTests": 1,
      "numPendingTests": 0,
      "numTodoTests": 0,
      "perfStats": {
        "end": 1568946181746,
        "start": 1568946181588
      },
      "snapshot": {
        "added": 0,
        "fileDeleted": false,
        "matched": 0,
        "unchecked": 0,
        "unmatched": 0,
        "updated": 0,
        "uncheckedKeys": []
      },
      "testFilePath": "/Users/yangkunhai/www/unit-testing/src/_test_/timer.test.js",
      "testResults": [
        {
          "ancestorTitles": [
            "test interval"
          ],
          "duration": 5,
          "failureMessages": [],
          "fullName": "test interval function be called",
          "location": null,
          "numPassingAsserts": 0,
          "status": "passed",
          "title": "function be called"
        }
      ],
      "skipped": false,
      "leaks": false
    },
    {
      "failureMessage": null,
      "numFailingTests": 0,
      "numPassingTests": 2,
      "numPendingTests": 0,
      "numTodoTests": 0,
      "perfStats": {
        "end": 1568946182344,
        "start": 1568946182209
      },
      "snapshot": {
        "added": 0,
        "fileDeleted": false,
        "matched": 0,
        "unchecked": 0,
        "unmatched": 0,
        "updated": 0,
        "uncheckedKeys": []
      },
      "testFilePath": "/Users/yangkunhai/www/unit-testing/src/_test_/compare-object.test.js",
      "testResults": [
        {
          "ancestorTitles": [
            "object testing"
          ],
          "duration": 3,
          "failureMessages": [],
          "fullName": "object testing cat equal dog",
          "location": null,
          "numPassingAsserts": 0,
          "status": "passed",
          "title": "cat equal dog"
        },
        {
          "ancestorTitles": [
            "object testing"
          ],
          "duration": 0,
          "failureMessages": [],
          "fullName": "object testing cat is defined",
          "location": null,
          "numPassingAsserts": 0,
          "status": "passed",
          "title": "cat is defined"
        }
      ],
      "skipped": false,
      "leaks": false
    },
    {
      "failureMessage": null,
      "numFailingTests": 0,
      "numPassingTests": 2,
      "numPendingTests": 0,
      "numTodoTests": 0,
      "perfStats": {
        "end": 1568946182381,
        "start": 1568946182238
      },
      "snapshot": {
        "added": 0,
        "fileDeleted": false,
        "matched": 0,
        "unchecked": 0,
        "unmatched": 0,
        "updated": 0,
        "uncheckedKeys": []
      },
      "testFilePath": "/Users/yangkunhai/www/unit-testing/src/_test_/zh.test.js",
      "testResults": [
        {
          "ancestorTitles": [
            "中文字符串"
          ],
          "duration": 2,
          "failureMessages": [],
          "fullName": "中文字符串 包含\"中文\"",
          "location": null,
          "numPassingAsserts": 0,
          "status": "passed",
          "title": "包含\"中文\""
        },
        {
          "ancestorTitles": [
            "中文字符串"
          ],
          "duration": 3,
          "failureMessages": [],
          "fullName": "中文字符串 passes when given an empty string",
          "location": null,
          "numPassingAsserts": 0,
          "status": "passed",
          "title": "passes when given an empty string"
        }
      ],
      "skipped": false,
      "leaks": false
    },
    {
      "failureMessage": null,
      "numFailingTests": 0,
      "numPassingTests": 1,
      "numPendingTests": 0,
      "numTodoTests": 0,
      "perfStats": {
        "end": 1568946182481,
        "start": 1568946178875
      },
      "snapshot": {
        "added": 0,
        "fileDeleted": false,
        "matched": 0,
        "unchecked": 0,
        "unmatched": 0,
        "updated": 0,
        "uncheckedKeys": []
      },
      "testFilePath": "/Users/yangkunhai/www/unit-testing/src/_test_/async.test.js",
      "testResults": [
        {
          "ancestorTitles": [
            "testing Async/Await"
          ],
          "duration": 1011,
          "failureMessages": [],
          "fullName": "testing Async/Await should get \"hi world\"",
          "location": null,
          "numPassingAsserts": 0,
          "status": "passed",
          "title": "should get \"hi world\""
        }
      ],
      "skipped": false,
      "leaks": false
    },
    {
      "failureMessage": null,
      "numFailingTests": 0,
      "numPassingTests": 1,
      "numPendingTests": 0,
      "numTodoTests": 0,
      "perfStats": {
        "end": 1568946182891,
        "start": 1568946182740
      },
      "snapshot": {
        "added": 0,
        "fileDeleted": false,
        "matched": 0,
        "unchecked": 0,
        "unmatched": 0,
        "updated": 0,
        "uncheckedKeys": []
      },
      "testFilePath": "/Users/yangkunhai/www/unit-testing/src/_test_/sum.test.js",
      "testResults": [
        {
          "ancestorTitles": [
            "testing sum"
          ],
          "duration": 3,
          "failureMessages": [],
          "fullName": "testing sum adds 1 + 2 to equal 3",
          "location": null,
          "numPassingAsserts": 0,
          "status": "passed",
          "title": "adds 1 + 2 to equal 3"
        }
      ],
      "skipped": false,
      "leaks": false
    },
    {
      "displayName": "",
      "failureMessage": "  \u001b[1m● \u001b[22mTest suite failed to run\n\n    Cannot find module './name-component' from 'hello-component.test.js'\n\n    \u001b[0m \u001b[90m 2 | \u001b[39m\u001b[36mimport\u001b[39m toJson from \u001b[32m'enzyme-to-json'\u001b[39m\u001b[33m;\u001b[39m\u001b[0m\n    \u001b[0m \u001b[90m 3 | \u001b[39m\u001b[36mimport\u001b[39m \u001b[33mHelloComponent\u001b[39m from \u001b[32m'../hello-component'\u001b[39m\u001b[33m;\u001b[39m\u001b[0m\n    \u001b[0m\u001b[31m\u001b[1m>\u001b[22m\u001b[39m\u001b[90m 4 | \u001b[39m\u001b[36mimport\u001b[39m \u001b[33mName\u001b[39m from \u001b[32m'./name-component'\u001b[39m\u001b[33m;\u001b[39m\u001b[0m\n    \u001b[0m \u001b[90m   | \u001b[39m\u001b[31m\u001b[1m^\u001b[22m\u001b[39m\u001b[0m\n    \u001b[0m \u001b[90m 5 | \u001b[39m\u001b[0m\n    \u001b[0m \u001b[90m 6 | \u001b[39mdescribe(\u001b[32m'testing hello component'\u001b[39m\u001b[33m,\u001b[39m()\u001b[33m=>\u001b[39m{\u001b[0m\n    \u001b[0m \u001b[90m 7 | \u001b[39m  let wrapper\u001b[33m;\u001b[39m\u001b[0m\n\n      \u001b[2mat Resolver.resolveModule (\u001b[22mnode_modules/jest-resolve/build/index.js\u001b[2m:230:17)\u001b[22m\n      \u001b[2mat Object.<anonymous> (\u001b[22m\u001b[0m\u001b[36msrc/_test_/hello-component.test.js\u001b[39m\u001b[0m\u001b[2m:4:1)\u001b[22m\n",
      "leaks": false,
      "numFailingTests": 0,
      "numPassingTests": 0,
      "numPendingTests": 0,
      "numTodoTests": 0,
      "openHandles": [],
      "perfStats": {
        "end": 0,
        "start": 0
      },
      "skipped": false,
      "snapshot": {
        "added": 0,
        "fileDeleted": false,
        "matched": 0,
        "unchecked": 0,
        "uncheckedKeys": [],
        "unmatched": 0,
        "updated": 0
      },
      "testExecError": "Cannot find module './name-component' from 'hello-component.test.js'",
      "testFilePath": "/Users/yangkunhai/www/unit-testing/src/_test_/hello-component.test.js",
      "testResults": []
    }
  ],
  "wasInterrupted": false
}