{
  "numFailedTestSuites": 0,
  "numFailedTests": 0,
  "numPassedTestSuites": 10,
  "numPassedTests": 15,
  "numPendingTestSuites": 0,
  "numPendingTests": 0,
  "numRuntimeErrorTestSuites": 0,
  "numTodoTests": 0,
  "numTotalTestSuites": 10,
  "numTotalTests": 15,
  "openHandles": [],
  "snapshot": {
    "added": 0,
    "didUpdate": false,
    "failure": false,
    "filesAdded": 0,
    "filesRemoved": 0,
    "filesUnmatched": 0,
    "filesUpdated": 0,
    "matched": 2,
    "total": 2,
    "unchecked": 0,
    "uncheckedKeysByFile": [],
    "unmatched": 0,
    "updated": 0
  },
  "startTime": 1565775792442,
  "success": true,
  "testResults": [
    {
      "failureMessage": null,
      "numFailingTests": 0,
      "numPassingTests": 3,
      "numPendingTests": 0,
      "numTodoTests": 0,
      "perfStats": {
        "end": 1565775798344,
        "start": 1565775797737
      },
      "snapshot": {
        "added": 0,
        "fileDeleted": false,
        "matched": 0,
        "unchecked": 0,
        "unmatched": 0,
        "updated": 0,
        "uncheckedKeys": []
      },
      "testFilePath": "/Users/yangkunhai/www/unit-testing/src/_test_/if-else.test.js",
      "testResults": [
        {
          "ancestorTitles": [
            "test ifElse function"
          ],
          "duration": 6,
          "failureMessages": [],
          "fullName": "test ifElse function left function",
          "location": null,
          "numPassingAsserts": 0,
          "status": "passed",
          "title": "left function"
        },
        {
          "ancestorTitles": [
            "test ifElse function"
          ],
          "duration": 2,
          "failureMessages": [],
          "fullName": "test ifElse function mock left function",
          "location": null,
          "numPassingAsserts": 0,
          "status": "passed",
          "title": "mock left function"
        },
        {
          "ancestorTitles": [
            "test ifElse function"
          ],
          "duration": 0,
          "failureMessages": [],
          "fullName": "test ifElse function right function",
          "location": null,
          "numPassingAsserts": 0,
          "status": "passed",
          "title": "right function"
        }
      ],
      "skipped": false,
      "leaks": false
    },
    {
      "failureMessage": null,
      "numFailingTests": 0,
      "numPassingTests": 2,
      "numPendingTests": 0,
      "numTodoTests": 0,
      "perfStats": {
        "end": 1565775799097,
        "start": 1565775798946
      },
      "snapshot": {
        "added": 0,
        "fileDeleted": false,
        "matched": 0,
        "unchecked": 0,
        "unmatched": 0,
        "updated": 0,
        "uncheckedKeys": []
      },
      "testFilePath": "/Users/yangkunhai/www/unit-testing/src/_test_/compare-object.test.js",
      "testResults": [
        {
          "ancestorTitles": [
            "object testing"
          ],
          "duration": 3,
          "failureMessages": [],
          "fullName": "object testing cat equal dog",
          "location": null,
          "numPassingAsserts": 0,
          "status": "passed",
          "title": "cat equal dog"
        },
        {
          "ancestorTitles": [
            "object testing"
          ],
          "duration": 1,
          "failureMessages": [],
          "fullName": "object testing cat is defined",
          "location": null,
          "numPassingAsserts": 0,
          "status": "passed",
          "title": "cat is defined"
        }
      ],
      "skipped": false,
      "leaks": false
    },
    {
      "failureMessage": null,
      "numFailingTests": 0,
      "numPassingTests": 1,
      "numPendingTests": 0,
      "numTodoTests": 0,
      "perfStats": {
        "end": 1565775799224,
        "start": 1565775797803
      },
      "snapshot": {
        "added": 0,
        "fileDeleted": false,
        "matched": 0,
        "unchecked": 0,
        "unmatched": 0,
        "updated": 0,
        "uncheckedKeys": []
      },
      "testFilePath": "/Users/yangkunhai/www/unit-testing/src/_test_/async-hi.test.js",
      "testResults": [
        {
          "ancestorTitles": [
            "testing async function"
          ],
          "duration": 1011,
          "failureMessages": [],
          "fullName": "testing async function should get \"Hi world\"",
          "location": null,
          "numPassingAsserts": 0,
          "status": "passed",
          "title": "should get \"Hi world\""
        }
      ],
      "skipped": false,
      "leaks": false
    },
    {
      "failureMessage": null,
      "numFailingTests": 0,
      "numPassingTests": 1,
      "numPendingTests": 0,
      "numTodoTests": 0,
      "perfStats": {
        "end": 1565775799242,
        "start": 1565775797798
      },
      "snapshot": {
        "added": 0,
        "fileDeleted": false,
        "matched": 0,
        "unchecked": 0,
        "unmatched": 0,
        "updated": 0,
        "uncheckedKeys": []
      },
      "testFilePath": "/Users/yangkunhai/www/unit-testing/src/_test_/promise-hi.test.js",
      "testResults": [
        {
          "ancestorTitles": [
            "testing promise"
          ],
          "duration": 1008,
          "failureMessages": [],
          "fullName": "testing promise should get \"hi world\"",
          "location": null,
          "numPassingAsserts": 0,
          "status": "passed",
          "title": "should get \"hi world\""
        }
      ],
      "skipped": false,
      "leaks": false
    },
    {
      "failureMessage": null,
      "numFailingTests": 0,
      "numPassingTests": 1,
      "numPendingTests": 0,
      "numTodoTests": 0,
      "perfStats": {
        "end": 1565775800355,
        "start": 1565775800047
      },
      "snapshot": {
        "added": 0,
        "fileDeleted": false,
        "matched": 1,
        "unchecked": 0,
        "unmatched": 0,
        "updated": 0,
        "uncheckedKeys": []
      },
      "testFilePath": "/Users/yangkunhai/www/unit-testing/src/_test_/hello-component.test.js",
      "testResults": [
        {
          "ancestorTitles": [
            "testing hello component"
          ],
          "duration": 71,
          "failureMessages": [],
          "fullName": "testing hello component render hello component",
          "location": null,
          "numPassingAsserts": 0,
          "status": "passed",
          "title": "render hello component"
        }
      ],
      "skipped": false,
      "leaks": false
    },
    {
      "failureMessage": null,
      "numFailingTests": 0,
      "numPassingTests": 1,
      "numPendingTests": 0,
      "numTodoTests": 0,
      "perfStats": {
        "end": 1565775800485,
        "start": 1565775800020
      },
      "snapshot": {
        "added": 0,
        "fileDeleted": false,
        "matched": 1,
        "unchecked": 0,
        "unmatched": 0,
        "updated": 0,
        "uncheckedKeys": []
      },
      "testFilePath": "/Users/yangkunhai/www/unit-testing/src/_test_/compose-component.test.js",
      "testResults": [
        {
          "ancestorTitles": [
            "testing hello component"
          ],
          "duration": 143,
          "failureMessages": [],
          "fullName": "testing hello component render hello component",
          "location": null,
          "numPassingAsserts": 0,
          "status": "passed",
          "title": "render hello component"
        }
      ],
      "skipped": false,
      "leaks": false
    },
    {
      "failureMessage": null,
      "numFailingTests": 0,
      "numPassingTests": 2,
      "numPendingTests": 0,
      "numTodoTests": 0,
      "perfStats": {
        "end": 1565775800762,
        "start": 1565775799994
      },
      "snapshot": {
        "added": 0,
        "fileDeleted": false,
        "matched": 0,
        "unchecked": 0,
        "unmatched": 0,
        "updated": 0,
        "uncheckedKeys": []
      },
      "testFilePath": "/Users/yangkunhai/www/unit-testing/src/_test_/zh.test.js",
      "testResults": [
        {
          "ancestorTitles": [
            "中文字符串"
          ],
          "duration": 12,
          "failureMessages": [],
          "fullName": "中文字符串 包含\"中文\"",
          "location": null,
          "numPassingAsserts": 0,
          "status": "passed",
          "title": "包含\"中文\""
        },
        {
          "ancestorTitles": [
            "中文字符串"
          ],
          "duration": 19,
          "failureMessages": [],
          "fullName": "中文字符串 passes when given an empty string",
          "location": null,
          "numPassingAsserts": 0,
          "status": "passed",
          "title": "passes when given an empty string"
        }
      ],
      "skipped": false,
      "leaks": false
    },
    {
      "failureMessage": null,
      "numFailingTests": 0,
      "numPassingTests": 2,
      "numPendingTests": 0,
      "numTodoTests": 0,
      "perfStats": {
        "end": 1565775801544,
        "start": 1565775801330
      },
      "snapshot": {
        "added": 0,
        "fileDeleted": false,
        "matched": 0,
        "unchecked": 0,
        "unmatched": 0,
        "updated": 0,
        "uncheckedKeys": []
      },
      "testFilePath": "/Users/yangkunhai/www/unit-testing/src/_test_/array.test.js",
      "testResults": [
        {
          "ancestorTitles": [
            "Array"
          ],
          "duration": 12,
          "failureMessages": [],
          "fullName": "Array a equal b",
          "location": null,
          "numPassingAsserts": 0,
          "status": "passed",
          "title": "a equal b"
        },
        {
          "ancestorTitles": [
            "Array"
          ],
          "duration": 1,
          "failureMessages": [],
          "fullName": "Array c deep equal d",
          "location": null,
          "numPassingAsserts": 0,
          "status": "passed",
          "title": "c deep equal d"
        }
      ],
      "skipped": false,
      "leaks": false
    },
    {
      "failureMessage": null,
      "numFailingTests": 0,
      "numPassingTests": 1,
      "numPendingTests": 0,
      "numTodoTests": 0,
      "perfStats": {
        "end": 1565775801700,
        "start": 1565775801412
      },
      "snapshot": {
        "added": 0,
        "fileDeleted": false,
        "matched": 0,
        "unchecked": 0,
        "unmatched": 0,
        "updated": 0,
        "uncheckedKeys": []
      },
      "testFilePath": "/Users/yangkunhai/www/unit-testing/src/_test_/timer.test.js",
      "testResults": [
        {
          "ancestorTitles": [
            "test interval"
          ],
          "duration": 13,
          "failureMessages": [],
          "fullName": "test interval function be called",
          "location": null,
          "numPassingAsserts": 0,
          "status": "passed",
          "title": "function be called"
        }
      ],
      "skipped": false,
      "leaks": false
    },
    {
      "failureMessage": null,
      "numFailingTests": 0,
      "numPassingTests": 1,
      "numPendingTests": 0,
      "numTodoTests": 0,
      "perfStats": {
        "end": 1565775801710,
        "start": 1565775801428
      },
      "snapshot": {
        "added": 0,
        "fileDeleted": false,
        "matched": 0,
        "unchecked": 0,
        "unmatched": 0,
        "updated": 0,
        "uncheckedKeys": []
      },
      "testFilePath": "/Users/yangkunhai/www/unit-testing/src/_test_/sum.test.js",
      "testResults": [
        {
          "ancestorTitles": [
            "testing sum"
          ],
          "duration": 2,
          "failureMessages": [],
          "fullName": "testing sum adds 1 + 2 to equal 3",
          "location": null,
          "numPassingAsserts": 0,
          "status": "passed",
          "title": "adds 1 + 2 to equal 3"
        }
      ],
      "skipped": false,
      "leaks": false
    }
  ],
  "wasInterrupted": false,
  "coverageMap": {
    "/Users/yangkunhai/www/unit-testing/src/if-else.js": {
      "path": "/Users/yangkunhai/www/unit-testing/src/if-else.js",
      "statementMap": {
        "0": {
          "start": {
            "line": 4,
            "column": 24
          },
          "end": {
            "line": 4,
            "column": 30
          }
        },
        "1": {
          "start": {
            "line": 5,
            "column": 5
          },
          "end": {
            "line": 5,
            "column": 61
          }
        },
        "2": {
          "start": {
            "line": 5,
            "column": 14
          },
          "end": {
            "line": 5,
            "column": 61
          }
        }
      },
      "fnMap": {
        "0": {
          "name": "(anonymous_0)",
          "decl": {
            "start": {
              "line": 1,
              "column": 15
            },
            "end": {
              "line": 1,
              "column": 16
            }
          },
          "loc": {
            "start": {
              "line": 5,
              "column": 5
            },
            "end": {
              "line": 5,
              "column": 61
            }
          },
          "line": 5
        },
        "1": {
          "name": "(anonymous_1)",
          "decl": {
            "start": {
              "line": 4,
              "column": 14
            },
            "end": {
              "line": 4,
              "column": 15
            }
          },
          "loc": {
            "start": {
              "line": 4,
              "column": 24
            },
            "end": {
              "line": 4,
              "column": 30
            }
          },
          "line": 4
        },
        "2": {
          "name": "(anonymous_2)",
          "decl": {
            "start": {
              "line": 5,
              "column": 5
            },
            "end": {
              "line": 5,
              "column": 6
            }
          },
          "loc": {
            "start": {
              "line": 5,
              "column": 14
            },
            "end": {
              "line": 5,
              "column": 61
            }
          },
          "line": 5
        }
      },
      "branchMap": {
        "0": {
          "loc": {
            "start": {
              "line": 4,
              "column": 2
            },
            "end": {
              "line": 4,
              "column": 30
            }
          },
          "type": "default-arg",
          "locations": [
            {
              "start": {
                "line": 4,
                "column": 14
              },
              "end": {
                "line": 4,
                "column": 30
              }
            }
          ],
          "line": 4
        },
        "1": {
          "loc": {
            "start": {
              "line": 5,
              "column": 15
            },
            "end": {
              "line": 5,
              "column": 53
            }
          },
          "type": "cond-expr",
          "locations": [
            {
              "start": {
                "line": 5,
                "column": 33
              },
              "end": {
                "line": 5,
                "column": 41
              }
            },
            {
              "start": {
                "line": 5,
                "column": 44
              },
              "end": {
                "line": 5,
                "column": 53
              }
            }
          ],
          "line": 5
        }
      },
      "s": {
        "0": 0,
        "1": 3,
        "2": 3
      },
      "f": {
        "0": 3,
        "1": 0,
        "2": 3
      },
      "b": {
        "0": [
          0
        ],
        "1": [
          2,
          1
        ]
      },
      "_coverageSchema": "43e27e138ebf9cfc5966b082cf9a028302ed4184",
      "hash": "471ff37bf1ac7ba01c3db564c505c6a85302f4f5"
    },
    "/Users/yangkunhai/www/unit-testing/src/compare-object.js": {
      "path": "/Users/yangkunhai/www/unit-testing/src/compare-object.js",
      "statementMap": {
        "0": {
          "start": {
            "line": 1,
            "column": 0
          },
          "end": {
            "line": 4,
            "column": 2
          }
        }
      },
      "fnMap": {},
      "branchMap": {},
      "s": {
        "0": 1
      },
      "f": {},
      "b": {},
      "_coverageSchema": "43e27e138ebf9cfc5966b082cf9a028302ed4184",
      "hash": "b78be4205b14487c787697e05aff52740740032b"
    },
    "/Users/yangkunhai/www/unit-testing/src/async-hi.js": {
      "path": "/Users/yangkunhai/www/unit-testing/src/async-hi.js",
      "statementMap": {
        "0": {
          "start": {
            "line": 2,
            "column": 0
          },
          "end": {
            "line": 4,
            "column": 2
          }
        },
        "1": {
          "start": {
            "line": 3,
            "column": 2
          },
          "end": {
            "line": 3,
            "column": 42
          }
        },
        "2": {
          "start": {
            "line": 3,
            "column": 17
          },
          "end": {
            "line": 3,
            "column": 33
          }
        }
      },
      "fnMap": {
        "0": {
          "name": "(anonymous_0)",
          "decl": {
            "start": {
              "line": 2,
              "column": 17
            },
            "end": {
              "line": 2,
              "column": 18
            }
          },
          "loc": {
            "start": {
              "line": 2,
              "column": 31
            },
            "end": {
              "line": 4,
              "column": 1
            }
          },
          "line": 2
        },
        "1": {
          "name": "(anonymous_1)",
          "decl": {
            "start": {
              "line": 3,
              "column": 13
            },
            "end": {
              "line": 3,
              "column": 14
            }
          },
          "loc": {
            "start": {
              "line": 3,
              "column": 17
            },
            "end": {
              "line": 3,
              "column": 33
            }
          },
          "line": 3
        }
      },
      "branchMap": {},
      "s": {
        "0": 1,
        "1": 1,
        "2": 1
      },
      "f": {
        "0": 1,
        "1": 1
      },
      "b": {},
      "_coverageSchema": "43e27e138ebf9cfc5966b082cf9a028302ed4184",
      "hash": "c058c7f99c63f3de53e6ad20587e8016ec435458"
    },
    "/Users/yangkunhai/www/unit-testing/src/promise-hi.js": {
      "path": "/Users/yangkunhai/www/unit-testing/src/promise-hi.js",
      "statementMap": {
        "0": {
          "start": {
            "line": 1,
            "column": 0
          },
          "end": {
            "line": 5,
            "column": 2
          }
        },
        "1": {
          "start": {
            "line": 2,
            "column": 2
          },
          "end": {
            "line": 4,
            "column": 5
          }
        },
        "2": {
          "start": {
            "line": 3,
            "column": 4
          },
          "end": {
            "line": 3,
            "column": 50
          }
        },
        "3": {
          "start": {
            "line": 3,
            "column": 21
          },
          "end": {
            "line": 3,
            "column": 42
          }
        }
      },
      "fnMap": {
        "0": {
          "name": "(anonymous_0)",
          "decl": {
            "start": {
              "line": 1,
              "column": 17
            },
            "end": {
              "line": 1,
              "column": 18
            }
          },
          "loc": {
            "start": {
              "line": 1,
              "column": 25
            },
            "end": {
              "line": 5,
              "column": 1
            }
          },
          "line": 1
        },
        "1": {
          "name": "(anonymous_1)",
          "decl": {
            "start": {
              "line": 2,
              "column": 21
            },
            "end": {
              "line": 2,
              "column": 22
            }
          },
          "loc": {
            "start": {
              "line": 2,
              "column": 32
            },
            "end": {
              "line": 4,
              "column": 3
            }
          },
          "line": 2
        },
        "2": {
          "name": "(anonymous_2)",
          "decl": {
            "start": {
              "line": 3,
              "column": 15
            },
            "end": {
              "line": 3,
              "column": 16
            }
          },
          "loc": {
            "start": {
              "line": 3,
              "column": 21
            },
            "end": {
              "line": 3,
              "column": 42
            }
          },
          "line": 3
        }
      },
      "branchMap": {},
      "s": {
        "0": 1,
        "1": 1,
        "2": 1,
        "3": 1
      },
      "f": {
        "0": 1,
        "1": 1,
        "2": 1
      },
      "b": {},
      "_coverageSchema": "43e27e138ebf9cfc5966b082cf9a028302ed4184",
      "hash": "1bd83d4cbabc0dd020303d65a4f224285bdf63c4"
    },
    "/Users/yangkunhai/www/unit-testing/src/hello-component.js": {
      "path": "/Users/yangkunhai/www/unit-testing/src/hello-component.js",
      "statementMap": {
        "0": {
          "start": {
            "line": 5,
            "column": 4
          },
          "end": {
            "line": 10,
            "column": 6
          }
        }
      },
      "fnMap": {
        "0": {
          "name": "(anonymous_0)",
          "decl": {
            "start": {
              "line": 4,
              "column": 2
            },
            "end": {
              "line": 4,
              "column": 3
            }
          },
          "loc": {
            "start": {
              "line": 4,
              "column": 11
            },
            "end": {
              "line": 11,
              "column": 3
            }
          },
          "line": 4
        }
      },
      "branchMap": {},
      "s": {
        "0": 1
      },
      "f": {
        "0": 1
      },
      "b": {},
      "_coverageSchema": "43e27e138ebf9cfc5966b082cf9a028302ed4184",
      "hash": "9233d2d78e27f7725c7714041138212f5cb2d972"
    },
    "/Users/yangkunhai/www/unit-testing/src/name-component.js": {
      "path": "/Users/yangkunhai/www/unit-testing/src/name-component.js",
      "statementMap": {
        "0": {
          "start": {
            "line": 5,
            "column": 4
          },
          "end": {
            "line": 9,
            "column": 6
          }
        }
      },
      "fnMap": {
        "0": {
          "name": "(anonymous_0)",
          "decl": {
            "start": {
              "line": 4,
              "column": 2
            },
            "end": {
              "line": 4,
              "column": 3
            }
          },
          "loc": {
            "start": {
              "line": 4,
              "column": 11
            },
            "end": {
              "line": 10,
              "column": 3
            }
          },
          "line": 4
        }
      },
      "branchMap": {},
      "s": {
        "0": 0
      },
      "f": {
        "0": 0
      },
      "b": {},
      "_coverageSchema": "43e27e138ebf9cfc5966b082cf9a028302ed4184",
      "hash": "02c26f12ddd8b6e6e03715279261a1c351291f7e"
    },
    "/Users/yangkunhai/www/unit-testing/src/compose-component.js": {
      "path": "/Users/yangkunhai/www/unit-testing/src/compose-component.js",
      "statementMap": {
        "0": {
          "start": {
            "line": 11,
            "column": 15
          },
          "end": {
            "line": 14,
            "column": 6
          }
        }
      },
      "fnMap": {
        "0": {
          "name": "(anonymous_0)",
          "decl": {
            "start": {
              "line": 11,
              "column": 2
            },
            "end": {
              "line": 11,
              "column": 3
            }
          },
          "loc": {
            "start": {
              "line": 11,
              "column": 15
            },
            "end": {
              "line": 14,
              "column": 6
            }
          },
          "line": 11
        }
      },
      "branchMap": {},
      "s": {
        "0": 0
      },
      "f": {
        "0": 0
      },
      "b": {},
      "_coverageSchema": "43e27e138ebf9cfc5966b082cf9a028302ed4184",
      "hash": "8a9456c85accd373a350a2784a73e9c8f0b59bdb"
    },
    "/Users/yangkunhai/www/unit-testing/src/zh.js": {
      "path": "/Users/yangkunhai/www/unit-testing/src/zh.js",
      "statementMap": {},
      "fnMap": {},
      "branchMap": {},
      "s": {},
      "f": {},
      "b": {},
      "_coverageSchema": "43e27e138ebf9cfc5966b082cf9a028302ed4184",
      "hash": "aacf78ca31176862e62c93bfc2dc6e3800af43d5"
    },
    "/Users/yangkunhai/www/unit-testing/src/timer.js": {
      "path": "/Users/yangkunhai/www/unit-testing/src/timer.js",
      "statementMap": {
        "0": {
          "start": {
            "line": 1,
            "column": 24
          },
          "end": {
            "line": 6,
            "column": 1
          }
        },
        "1": {
          "start": {
            "line": 2,
            "column": 2
          },
          "end": {
            "line": 2,
            "column": 8
          }
        },
        "2": {
          "start": {
            "line": 3,
            "column": 2
          },
          "end": {
            "line": 5,
            "column": 14
          }
        },
        "3": {
          "start": {
            "line": 4,
            "column": 4
          },
          "end": {
            "line": 4,
            "column": 10
          }
        }
      },
      "fnMap": {
        "0": {
          "name": "(anonymous_0)",
          "decl": {
            "start": {
              "line": 1,
              "column": 24
            },
            "end": {
              "line": 1,
              "column": 25
            }
          },
          "loc": {
            "start": {
              "line": 1,
              "column": 53
            },
            "end": {
              "line": 6,
              "column": 1
            }
          },
          "line": 1
        },
        "1": {
          "name": "(anonymous_1)",
          "decl": {
            "start": {
              "line": 3,
              "column": 21
            },
            "end": {
              "line": 3,
              "column": 22
            }
          },
          "loc": {
            "start": {
              "line": 3,
              "column": 27
            },
            "end": {
              "line": 5,
              "column": 3
            }
          },
          "line": 3
        }
      },
      "branchMap": {
        "0": {
          "loc": {
            "start": {
              "line": 1,
              "column": 30
            },
            "end": {
              "line": 1,
              "column": 48
            }
          },
          "type": "default-arg",
          "locations": [
            {
              "start": {
                "line": 1,
                "column": 40
              },
              "end": {
                "line": 1,
                "column": 48
              }
            }
          ],
          "line": 1
        }
      },
      "s": {
        "0": 1,
        "1": 1,
        "2": 1,
        "3": 1
      },
      "f": {
        "0": 1,
        "1": 1
      },
      "b": {
        "0": [
          0
        ]
      },
      "_coverageSchema": "43e27e138ebf9cfc5966b082cf9a028302ed4184",
      "hash": "2d956fdd5523cc1ff0f1eac51945c8fea7f97a80"
    },
    "/Users/yangkunhai/www/unit-testing/src/sum.js": {
      "path": "/Users/yangkunhai/www/unit-testing/src/sum.js",
      "statementMap": {
        "0": {
          "start": {
            "line": 2,
            "column": 2
          },
          "end": {
            "line": 2,
            "column": 15
          }
        },
        "1": {
          "start": {
            "line": 4,
            "column": 20
          },
          "end": {
            "line": 6,
            "column": 1
          }
        },
        "2": {
          "start": {
            "line": 5,
            "column": 2
          },
          "end": {
            "line": 5,
            "column": 15
          }
        }
      },
      "fnMap": {
        "0": {
          "name": "(anonymous_0)",
          "decl": {
            "start": {
              "line": 1,
              "column": 15
            },
            "end": {
              "line": 1,
              "column": 16
            }
          },
          "loc": {
            "start": {
              "line": 1,
              "column": 24
            },
            "end": {
              "line": 3,
              "column": 1
            }
          },
          "line": 1
        },
        "1": {
          "name": "(anonymous_1)",
          "decl": {
            "start": {
              "line": 4,
              "column": 20
            },
            "end": {
              "line": 4,
              "column": 21
            }
          },
          "loc": {
            "start": {
              "line": 4,
              "column": 29
            },
            "end": {
              "line": 6,
              "column": 1
            }
          },
          "line": 4
        }
      },
      "branchMap": {},
      "s": {
        "0": 1,
        "1": 1,
        "2": 0
      },
      "f": {
        "0": 1,
        "1": 0
      },
      "b": {},
      "_coverageSchema": "43e27e138ebf9cfc5966b082cf9a028302ed4184",
      "hash": "b861be5abfb436629d16b99a6e6346d3bbc433a2"
    }
  }
}